<?xml version="1.0" encoding="UTF-8"?>
<!-- Generated by org.testng.reporters.JUnitReportReporter -->
<testsuite skipped="0" hostname="MacBook-Pro.local" name="com.api.test.reqres.testcases.GetAPI" tests="1" failures="0" timestamp="30 May 2021 07:43:00 GMT" time="0.560" errors="0">
  <testcase name="getAPI" time="0.560" classname="com.api.test.reqres.testcases.GetAPI"/>
</testsuite> <!-- com.api.test.reqres.testcases.GetAPI -->
