<?xml version="1.0" encoding="UTF-8"?>
<!-- Generated by org.testng.reporters.JUnitReportReporter -->
<testsuite skipped="0" hostname="MacBook-Pro.local" name="com.api.test.reqres.testcases.PostAPI01" tests="1" failures="0" timestamp="30 May 2021 07:43:00 GMT" time="2.250" errors="0">
  <testcase name="verifyPostAPI" time="2.250" classname="com.api.test.reqres.testcases.PostAPI01"/>
</testsuite> <!-- com.api.test.reqres.testcases.PostAPI01 -->
